<?xml version="1.0" encoding="UTF-8"?>
<!-- Generated by org.testng.reporters.JUnitXMLReporter -->
<testsuite hostname="LAPTOP-ABRF4IV4" ignored="0" name="Get Order Test" tests="1" failures="1" timestamp="07 Jun 2021 10:21:21 GMT" time="3.327" errors="0">
  <testcase name="getOrderTest" time="3.323" classname="test.paypal.GetOrderTest">
    <failure type="java.lang.AssertionError" message="expected [200] but found [404]">
      <![CDATA[java.lang.AssertionError: expected [200] but found [404]
at test.paypal.GetOrderTest.getOrderTest(GetOrderTest.java:21)
... Removed 31 stack frames]]>
    </failure>
  </testcase> <!-- getOrderTest -->
</testsuite> <!-- Get Order Test -->
