<?xml version="1.0" encoding="UTF-8"?>
<testng-results skipped="0" failed="1" ignored="0" total="2" passed="1">
  <reporter-output>
  </reporter-output>
  <suite name="API Automation Sample Framework" duration-ms="10104" started-at="2021-06-07T10:21:11Z" finished-at="2021-06-07T10:21:21Z">
    <groups>
    </groups>
    <test name="Create Order Test" duration-ms="6577" started-at="2021-06-07T10:21:11Z" finished-at="2021-06-07T10:21:17Z">
      <class name="test.paypal.CreateOrderTest">
        <test-method status="PASS" signature="createOrderTest()[pri:0, instance:test.paypal.CreateOrderTest@b62d79]" name="createOrderTest" duration-ms="6557" started-at="2021-06-07T10:21:11Z" finished-at="2021-06-07T10:21:17Z">
          <reporter-output>
          </reporter-output>
        </test-method> <!-- createOrderTest -->
      </class> <!-- test.paypal.CreateOrderTest -->
    </test> <!-- Create Order Test -->
    <test name="Get Order Test" duration-ms="3327" started-at="2021-06-07T10:21:18Z" finished-at="2021-06-07T10:21:21Z">
      <class name="test.paypal.GetOrderTest">
        <test-method status="PASS" signature="setup()[pri:0, instance:test.paypal.GetOrderTest@2df9b86]" name="setup" is-config="true" duration-ms="291" started-at="2021-06-07T10:21:11Z" finished-at="2021-06-07T10:21:11Z">
          <reporter-output>
          </reporter-output>
        </test-method> <!-- setup -->
        <test-method status="FAIL" signature="getOrderTest()[pri:0, instance:test.paypal.GetOrderTest@2df9b86]" name="getOrderTest" duration-ms="3323" started-at="2021-06-07T10:21:18Z" finished-at="2021-06-07T10:21:21Z">
          <exception class="java.lang.AssertionError">
            <message>
              <![CDATA[expected [200] but found [404]]]>
            </message>
            <full-stacktrace>
              <![CDATA[java.lang.AssertionError: expected [200] but found [404]
at org.testng.Assert.fail(Assert.java:96)
at org.testng.Assert.failNotEquals(Assert.java:776)
at org.testng.Assert.assertEqualsImpl(Assert.java:137)
at org.testng.Assert.assertEquals(Assert.java:118)
at org.testng.Assert.assertEquals(Assert.java:652)
at org.testng.Assert.assertEquals(Assert.java:662)
at test.paypal.GetOrderTest.getOrderTest(GetOrderTest.java:21)
at sun.reflect.NativeMethodAccessorImpl.invoke0(Native Method)
at sun.reflect.NativeMethodAccessorImpl.invoke(NativeMethodAccessorImpl.java:62)
at sun.reflect.DelegatingMethodAccessorImpl.invoke(DelegatingMethodAccessorImpl.java:43)
at java.lang.reflect.Method.invoke(Method.java:498)
at org.testng.internal.MethodInvocationHelper.invokeMethod(MethodInvocationHelper.java:124)
at org.testng.internal.Invoker.invokeMethod(Invoker.java:583)
at org.testng.internal.Invoker.invokeTestMethod(Invoker.java:719)
at org.testng.internal.Invoker.invokeTestMethods(Invoker.java:989)
at org.testng.internal.TestMethodWorker.invokeTestMethods(TestMethodWorker.java:125)
at org.testng.internal.TestMethodWorker.run(TestMethodWorker.java:109)
at org.testng.TestRunner.privateRun(TestRunner.java:648)
at org.testng.TestRunner.run(TestRunner.java:505)
at org.testng.SuiteRunner.runTest(SuiteRunner.java:455)
at org.testng.SuiteRunner.runSequentially(SuiteRunner.java:450)
at org.testng.SuiteRunner.privateRun(SuiteRunner.java:415)
at org.testng.SuiteRunner.run(SuiteRunner.java:364)
at org.testng.SuiteRunnerWorker.runSuite(SuiteRunnerWorker.java:52)
at org.testng.SuiteRunnerWorker.run(SuiteRunnerWorker.java:84)
at org.testng.TestNG.runSuitesSequentially(TestNG.java:1208)
at org.testng.TestNG.runSuitesLocally(TestNG.java:1137)
at org.testng.TestNG.runSuites(TestNG.java:1049)
at org.testng.TestNG.run(TestNG.java:1017)
at org.testng.remote.AbstractRemoteTestNG.run(AbstractRemoteTestNG.java:115)
at org.testng.remote.RemoteTestNG.initAndRun(RemoteTestNG.java:251)
at org.testng.remote.RemoteTestNG.main(RemoteTestNG.java:77)
]]>
            </full-stacktrace>
          </exception> <!-- java.lang.AssertionError -->
          <reporter-output>
          </reporter-output>
        </test-method> <!-- getOrderTest -->
        <test-method status="PASS" signature="teardown()[pri:0, instance:test.paypal.GetOrderTest@2df9b86]" name="teardown" is-config="true" duration-ms="0" started-at="2021-06-07T10:21:21Z" finished-at="2021-06-07T10:21:21Z">
          <reporter-output>
          </reporter-output>
        </test-method> <!-- teardown -->
      </class> <!-- test.paypal.GetOrderTest -->
    </test> <!-- Get Order Test -->
  </suite> <!-- API Automation Sample Framework -->
</testng-results>
